<?xml version="1.0" encoding="UTF-8"?>
<!-- Generated by org.testng.reporters.JUnitReportReporter -->
<testsuite skipped="0" hostname="LTIN227624" name="com.APITesting.AddBookStatusValidationPass_DataProvider" tests="3" failures="0" timestamp="20 Feb 2021 06:54:36 GMT" time="6.136" errors="0">
  <testcase name="addBook" time="0.273" classname="com.APITesting.AddBookStatusValidationPass_DataProvider"/>
  <testcase name="addBook" time="5.514" classname="com.APITesting.AddBookStatusValidationPass_DataProvider"/>
  <testcase name="addBook" time="0.349" classname="com.APITesting.AddBookStatusValidationPass_DataProvider"/>
</testsuite> <!-- com.APITesting.AddBookStatusValidationPass_DataProvider -->
