<?xml version="1.0" encoding="UTF-8"?>
<!-- Generated by org.testng.reporters.JUnitReportReporter -->
<testsuite hostname="EC2AMAZ-DLOHON5" failures="0" tests="1" name="com.ContractTesting.ConversionService.CurrencyConversionServiceApplicationTestsEndPoint" time="2.313" errors="0" timestamp="2021-07-06T06:34:57 UTC" skipped="0">
  <testcase classname="com.ContractTesting.ConversionService.CurrencyConversionServiceApplicationTestsEndPoint" name="given_WhenConvertingFromUSDtoINR_ThenReturn" time="2.313"/>
  <system-out/>
</testsuite> <!-- com.ContractTesting.ConversionService.CurrencyConversionServiceApplicationTestsEndPoint -->
