<?xml version="1.0" encoding="UTF-8"?>
<!-- Generated by org.testng.reporters.JUnitReportReporter -->
<testsuite skipped="0" hostname="LTIN227624" name="com.APITesting.AddBookStatusValidationFail_DataProvider2" tests="3" failures="0" timestamp="19 May 2021 04:45:52 GMT" time="18.012" errors="0">
  <testcase name="addBook" time="0.331" classname="com.APITesting.AddBookStatusValidationFail_DataProvider2"/>
  <testcase name="addBook" time="17.303" classname="com.APITesting.AddBookStatusValidationFail_DataProvider2"/>
  <testcase name="addBook" time="0.378" classname="com.APITesting.AddBookStatusValidationFail_DataProvider2"/>
</testsuite> <!-- com.APITesting.AddBookStatusValidationFail_DataProvider2 -->
